<?xml version="1.0" encoding="UTF-8"?>
<robot generator="Robot 7.0.1 (Python 3.11.1 on darwin)" generated="2024-09-05T21:08:38.107717" rpa="false" schemaversion="5">
<suite id="s1" name="Suite5" source="/Users/prathameshpatil/Desktop/Test folder/RobotFramework/tests/Suite5.robot">
<test id="s1-t1" name="Test case to test CustomDriver" line="12">
<kw name="Log To Console" owner="BuiltIn">
<arg>HI</arg>
<doc>Logs the given message to the console.</doc>
<status status="PASS" start="2024-09-05T21:08:38.290930" elapsed="0.000150"/>
</kw>
<kw name="Open Custom Chrome Driver" owner="CustomDriver">
<msg time="2024-09-05T21:08:38.291368" level="INFO">====== WebDriver manager ======</msg>
<msg time="2024-09-05T21:08:38.456706" level="INFO">Get LATEST chromedriver version for google-chrome</msg>
<msg time="2024-09-05T21:08:38.457627" level="INFO">Get LATEST chromedriver version for google-chrome</msg>
<msg time="2024-09-05T21:08:38.457764" level="INFO">There is no [mac64] chromedriver "128.0.6613.120" for browser google-chrome "128.0.6613.120" in cache</msg>
<msg time="2024-09-05T21:08:38.462167" level="INFO">Get LATEST chromedriver version for google-chrome</msg>
<msg time="2024-09-05T21:08:38.550682" level="INFO">WebDriver version 128.0.6613.119 selected</msg>
<msg time="2024-09-05T21:08:38.551508" level="INFO">Modern chrome version https://storage.googleapis.com/chrome-for-testing-public/128.0.6613.119/mac-arm64/chromedriver-mac-arm64.zip</msg>
<msg time="2024-09-05T21:08:38.551616" level="INFO">About to download new driver from https://storage.googleapis.com/chrome-for-testing-public/128.0.6613.119/mac-arm64/chromedriver-mac-arm64.zip</msg>
<msg time="2024-09-05T21:08:38.612038" level="INFO">Driver downloading response is 200</msg>
<msg time="2024-09-05T21:08:39.817816" level="INFO">Get LATEST chromedriver version for google-chrome</msg>
<msg time="2024-09-05T21:08:39.904044" level="INFO">Driver has been saved in cache [/Users/prathameshpatil/.wdm/drivers/chromedriver/mac64/128.0.6613.120]</msg>
<msg time="2024-09-05T21:08:39.909057" level="INFO">Cannot capture screenshot because no browser is open.</msg>
<msg time="2024-09-05T21:08:39.909597" level="FAIL">OSError: [Errno 8] Exec format error: '/Users/prathameshpatil/.wdm/drivers/chromedriver/mac64/128.0.6613.120/chromedriver-mac-arm64/THIRD_PARTY_NOTICES.chromedriver'</msg>
<arg>https://www.google.com</arg>
<status status="FAIL" start="2024-09-05T21:08:38.291212" elapsed="1.624286">OSError: [Errno 8] Exec format error: '/Users/prathameshpatil/.wdm/drivers/chromedriver/mac64/128.0.6613.120/chromedriver-mac-arm64/THIRD_PARTY_NOTICES.chromedriver'</status>
</kw>
<status status="FAIL" start="2024-09-05T21:08:38.290340" elapsed="1.625720">OSError: [Errno 8] Exec format error: '/Users/prathameshpatil/.wdm/drivers/chromedriver/mac64/128.0.6613.120/chromedriver-mac-arm64/THIRD_PARTY_NOTICES.chromedriver'</status>
</test>
<doc>Test Suite with a custom Library</doc>
<status status="FAIL" start="2024-09-05T21:08:38.110853" elapsed="1.805710"/>
</suite>
<statistics>
<total>
<stat pass="0" fail="1" skip="0">All Tests</stat>
</total>
<tag>
</tag>
<suite>
<stat pass="0" fail="1" skip="0" id="s1" name="Suite5">Suite5</stat>
</suite>
</statistics>
<errors>
</errors>
</robot>
