<?xml version="1.0" encoding="UTF-8"?>
<robot generator="Robot 7.0.1 (Python 3.11.1 on darwin)" generated="2024-09-02T20:22:42.706100" rpa="false" schemaversion="5">
<suite id="s1" name="Suite4" source="/Users/prathameshpatil/Desktop/Test folder/RobotFramework/tests/Suite4.robot">
<test id="s1-t1" name="API Test case POST" line="40">
<kw name="Log To Console" owner="BuiltIn">
<arg>__Test Start__</arg>
<doc>Logs the given message to the console.</doc>
<status status="PASS" start="2024-09-02T20:22:42.902676" elapsed="0.000202"/>
</kw>
<kw name="GET" owner="RequestsLibrary">
<msg time="2024-09-02T20:22:42.912806" level="INFO">GET Request : url=http://localhost:3000/dogs 
 path_url=/dogs 
 headers={'User-Agent': 'python-requests/2.31.0', 'Accept-Encoding': 'gzip, deflate', 'Accept': '*/*', 'Connection': 'keep-alive'} 
 body=None 
 </msg>
<msg time="2024-09-02T20:22:42.914021" level="INFO">GET Response : url=http://localhost:3000/dogs 
 status=200, reason=OK 
 headers={'X-Powered-By': 'Express', 'Content-Type': 'text/html; charset=utf-8', 'Content-Length': '16', 'ETag': 'W/"10-O9cw/RMoSFX7umWCgsp8SqPrD7A"', 'Date': 'Mon, 02 Sep 2024 18:22:42 GMT', 'Connection': 'keep-alive', 'Keep-Alive': 'timeout=5'} 
 body=This is dog page 
 </msg>
<msg time="2024-09-02T20:22:42.914170" level="INFO">${res} = &lt;Response [200]&gt;</msg>
<var>${res}</var>
<arg>http://localhost:3000/dogs</arg>
<doc>Sends a GET request.</doc>
<status status="PASS" start="2024-09-02T20:22:42.903044" elapsed="0.011183"/>
</kw>
<kw name="Status Should Be" owner="RequestsLibrary">
<arg>200</arg>
<doc>Fails if response status code is different than the expected.</doc>
<status status="PASS" start="2024-09-02T20:22:42.914593" elapsed="0.000175"/>
</kw>
<kw name="Create Dictionary" owner="BuiltIn">
<msg time="2024-09-02T20:22:42.915098" level="INFO">${payload} = {'name': 'Jane', 'age': '25'}</msg>
<var>${payload}</var>
<arg>name=Jane</arg>
<arg>age=25</arg>
<doc>Creates and returns a dictionary based on the given ``items``.</doc>
<status status="PASS" start="2024-09-02T20:22:42.914902" elapsed="0.000261"/>
</kw>
<kw name="Log To Console" owner="BuiltIn">
<arg>${payload}</arg>
<doc>Logs the given message to the console.</doc>
<status status="PASS" start="2024-09-02T20:22:42.915292" elapsed="0.000169"/>
</kw>
<kw name="POST" owner="RequestsLibrary">
<msg time="2024-09-02T20:22:42.919106" level="INFO">POST Request : url=http://localhost:3000/dogs 
 path_url=/dogs 
 headers={'User-Agent': 'python-requests/2.31.0', 'Accept-Encoding': 'gzip, deflate', 'Accept': '*/*', 'Connection': 'keep-alive', 'Content-Length': '29', 'Content-Type': 'application/json'} 
 body=b'{"name": "Jane", "age": "25"}' 
 </msg>
<msg time="2024-09-02T20:22:42.919264" level="INFO">POST Response : url=http://localhost:3000/dogs 
 status=200, reason=OK 
 headers={'X-Powered-By': 'Express', 'Content-Type': 'text/html; charset=utf-8', 'Content-Length': '10', 'ETag': 'W/"a-rgXSqUWvERN5usYqH34mvUDwspw"', 'Date': 'Mon, 02 Sep 2024 18:22:42 GMT', 'Connection': 'keep-alive', 'Keep-Alive': 'timeout=5'} 
 body=Dog added! 
 </msg>
<msg time="2024-09-02T20:22:42.919368" level="INFO">${resp} = &lt;Response [200]&gt;</msg>
<var>${resp}</var>
<arg>http://localhost:3000/dogs</arg>
<arg>json=${payload}</arg>
<doc>Sends a POST request.</doc>
<status status="PASS" start="2024-09-02T20:22:42.915725" elapsed="0.003685"/>
</kw>
<status status="PASS" start="2024-09-02T20:22:42.902127" elapsed="0.017637"/>
</test>
<doc>API Test case suite</doc>
<status status="PASS" start="2024-09-02T20:22:42.711627" elapsed="0.208688"/>
</suite>
<statistics>
<total>
<stat pass="1" fail="0" skip="0">All Tests</stat>
</total>
<tag>
</tag>
<suite>
<stat pass="1" fail="0" skip="0" id="s1" name="Suite4">Suite4</stat>
</suite>
</statistics>
<errors>
</errors>
</robot>
